TN:
SF:src/ejercicio.ts
FN:13,(anonymous_0)
FN:23,(anonymous_1)
FN:35,(anonymous_2)
FN:46,(anonymous_3)
FN:47,(anonymous_4)
FN:55,(anonymous_5)
FN:56,(anonymous_6)
FN:65,(anonymous_7)
FN:66,(anonymous_8)
FN:75,(anonymous_9)
FN:81,(anonymous_10)
FNF:11
FNH:11
FNDA:1,(anonymous_0)
FNDA:9,(anonymous_1)
FNDA:5,(anonymous_2)
FNDA:1,(anonymous_3)
FNDA:3,(anonymous_4)
FNDA:1,(anonymous_5)
FNDA:3,(anonymous_6)
FNDA:1,(anonymous_7)
FNDA:3,(anonymous_8)
FNDA:2,(anonymous_9)
FNDA:7,(anonymous_10)
DA:6,1
DA:14,1
DA:24,9
DA:25,1
DA:27,9
DA:36,5
DA:38,5
DA:47,3
DA:56,3
DA:66,3
DA:77,2
DA:79,2
DA:82,7
DA:83,5
DA:88,2
DA:97,1
DA:98,1
DA:99,1
DA:102,1
DA:105,2
LF:20
LH:20
BRDA:24,0,0,1
BRDA:24,0,1,8
BRDA:66,1,0,3
BRDA:66,1,1,3
BRDA:82,2,0,5
BRDA:82,2,1,2
BRF:6
BRH:6
end_of_record
