TN:
SF:src/ejercicio.ts
FN:12,(anonymous_0)
FN:20,(anonymous_1)
FN:32,(anonymous_2)
FN:42,(anonymous_3)
FN:43,(anonymous_4)
FN:51,(anonymous_5)
FN:52,(anonymous_6)
FN:61,(anonymous_7)
FN:62,(anonymous_8)
FN:69,(anonymous_9)
FN:72,(anonymous_10)
FNF:11
FNH:11
FNDA:1,(anonymous_0)
FNDA:9,(anonymous_1)
FNDA:5,(anonymous_2)
FNDA:1,(anonymous_3)
FNDA:3,(anonymous_4)
FNDA:1,(anonymous_5)
FNDA:3,(anonymous_6)
FNDA:1,(anonymous_7)
FNDA:3,(anonymous_8)
FNDA:2,(anonymous_9)
FNDA:7,(anonymous_10)
DA:5,1
DA:13,1
DA:21,9
DA:22,1
DA:24,9
DA:33,5
DA:34,5
DA:43,3
DA:52,3
DA:62,3
DA:70,2
DA:71,2
DA:73,7
DA:74,5
DA:78,2
DA:86,1
DA:87,1
DA:88,1
DA:91,1
DA:92,2
LF:20
LH:20
BRDA:21,0,0,1
BRDA:21,0,1,8
BRDA:62,1,0,3
BRDA:62,1,1,3
BRDA:73,2,0,5
BRDA:73,2,1,2
BRF:6
BRH:6
end_of_record
